<?xml version="1.0" encoding="UTF-8"?>
<!-- Generated by org.testng.reporters.JUnitReportReporter -->
<testsuite skipped="0" hostname="Siddharths-MacBook-Air.local" name="com.mindtree.paraBank.AppTest" tests="1" failures="0" timestamp="2022-12-20T23:14:56 IST" time="9.711" errors="0">
  <testcase name="test_1" time="9.711" classname="com.mindtree.paraBank.AppTest"/>
  <system-out/>
</testsuite> <!-- com.mindtree.paraBank.AppTest -->
